This is pdfTeX, Version 3.14159265-2.6-1.40.20 (MiKTeX 2.9.7200 64-bit) (preloaded format=pdflatex 2020.7.24)  15 FEB 2021 15:45
entering extended mode
**./Main.tex
(Main.tex
LaTeX2e <2019-10-01> patch level 1

("C:\Users\Julian Franquinet\AppData\Local\Programs\MiKTeX 2.9\tex/latex/base\a
rticle.cls"
Document Class: article 2019/08/27 v1.4j Standard LaTeX document class

("C:\Users\Julian Franquinet\AppData\Local\Programs\MiKTeX 2.9\tex/latex/base\s
ize12.clo"
File: size12.clo 2019/08/27 v1.4j Standard LaTeX file (size option)
)
\c@part=\count80
\c@section=\count81
\c@subsection=\count82
\c@subsubsection=\count83
\c@paragraph=\count84
\c@subparagraph=\count85
\c@figure=\count86
\c@table=\count87
\abovecaptionskip=\skip41
\belowcaptionskip=\skip42
\bibindent=\dimen102
)
("C:\Users\Julian Franquinet\AppData\Local\Programs\MiKTeX 2.9\tex/generic/babe
l\babel.sty"
Package: babel 2019/10/15 3.35 The Babel package

("C:\Users\Julian Franquinet\AppData\Local\Programs\MiKTeX 2.9\tex/generic/babe
l\switch.def"
File: switch.def 2019/10/15 3.35 Babel switching mechanism
)
*************************************
* Local config file bblopts.cfg used
*

("C:\Users\Julian Franquinet\AppData\Local\Programs\MiKTeX 2.9\tex/latex/arabi\
bblopts.cfg"
File: bblopts.cfg 2005/09/08 v0.1 add Arabic and Farsi to "declared" options of
 babel
)
("C:\Users\Julian Franquinet\AppData\Local\Programs\MiKTeX 2.9\tex/latex/babel-
german\german.ldf"
Language: german 2018/12/08 v2.11 German support for babel (pre-1996 orthograph
y)

("C:\Users\Julian Franquinet\AppData\Local\Programs\MiKTeX 2.9\tex/latex/babel-
german\germanb.ldf"
Language: germanb 2018/12/08 v2.11 German support for babel (pre-1996 orthograp
hy)

("C:\Users\Julian Franquinet\AppData\Local\Programs\MiKTeX 2.9\tex/generic/babe
l\babel.def"
File: babel.def 2019/10/15 3.35 Babel common definitions
\babel@savecnt=\count88
\U@D=\dimen103

("C:\Users\Julian Franquinet\AppData\Local\Programs\MiKTeX 2.9\tex/generic/babe
l\txtbabel.def")
\bbl@dirlevel=\count89
)
Package babel Info: Making " an active character on input line 135.
)))
("C:\Users\Julian Franquinet\AppData\Local\Programs\MiKTeX 2.9\tex/latex/cancel
\cancel.sty"
Package: cancel 2013/04/12 v2.2 Cancel math terms
)
("C:\Users\Julian Franquinet\AppData\Local\Programs\MiKTeX 2.9\tex/latex/amsfon
ts\amssymb.sty"
Package: amssymb 2013/01/14 v3.01 AMS font symbols

("C:\Users\Julian Franquinet\AppData\Local\Programs\MiKTeX 2.9\tex/latex/amsfon
ts\amsfonts.sty"
Package: amsfonts 2013/01/14 v3.01 Basic AMSFonts support
\@emptytoks=\toks14
\symAMSa=\mathgroup4
\symAMSb=\mathgroup5
LaTeX Font Info:    Redeclaring math symbol \hbar on input line 98.
LaTeX Font Info:    Overwriting math alphabet `\mathfrak' in version `bold'
(Font)                  U/euf/m/n --> U/euf/b/n on input line 106.
))
("C:\Users\Julian Franquinet\AppData\Local\Programs\MiKTeX 2.9\tex/latex/amsmat
h\amsmath.sty"
Package: amsmath 2019/04/01 v2.17c AMS math features
\@mathmargin=\skip43

For additional information on amsmath, use the `?' option.

("C:\Users\Julian Franquinet\AppData\Local\Programs\MiKTeX 2.9\tex/latex/amsmat
h\amstext.sty"
Package: amstext 2000/06/29 v2.01 AMS text

("C:\Users\Julian Franquinet\AppData\Local\Programs\MiKTeX 2.9\tex/latex/amsmat
h\amsgen.sty"
File: amsgen.sty 1999/11/30 v2.0 generic functions
\@emptytoks=\toks15
\ex@=\dimen104
))
("C:\Users\Julian Franquinet\AppData\Local\Programs\MiKTeX 2.9\tex/latex/amsmat
h\amsbsy.sty"
Package: amsbsy 1999/11/29 v1.2d Bold Symbols
\pmbraise@=\dimen105
)
("C:\Users\Julian Franquinet\AppData\Local\Programs\MiKTeX 2.9\tex/latex/amsmat
h\amsopn.sty"
Package: amsopn 2016/03/08 v2.02 operator names
)
\inf@bad=\count90
LaTeX Info: Redefining \frac on input line 227.
\uproot@=\count91
\leftroot@=\count92
LaTeX Info: Redefining \overline on input line 389.
\classnum@=\count93
\DOTSCASE@=\count94
LaTeX Info: Redefining \ldots on input line 486.
LaTeX Info: Redefining \dots on input line 489.
LaTeX Info: Redefining \cdots on input line 610.
\Mathstrutbox@=\box27
\strutbox@=\box28
\big@size=\dimen106
LaTeX Font Info:    Redeclaring font encoding OML on input line 733.
LaTeX Font Info:    Redeclaring font encoding OMS on input line 734.
\macc@depth=\count95
\c@MaxMatrixCols=\count96
\dotsspace@=\muskip10
\c@parentequation=\count97
\dspbrk@lvl=\count98
\tag@help=\toks16
\row@=\count99
\column@=\count100
\maxfields@=\count101
\andhelp@=\toks17
\eqnshift@=\dimen107
\alignsep@=\dimen108
\tagshift@=\dimen109
\tagwidth@=\dimen110
\totwidth@=\dimen111
\lineht@=\dimen112
\@envbody=\toks18
\multlinegap=\skip44
\multlinetaggap=\skip45
\mathdisplay@stack=\toks19
LaTeX Info: Redefining \[ on input line 2855.
LaTeX Info: Redefining \] on input line 2856.
)
("C:\Users\Julian Franquinet\AppData\Local\Programs\MiKTeX 2.9\tex/latex/graphi
cs\color.sty"
Package: color 2016/07/10 v1.1e Standard LaTeX Color (DPC)

("C:\Users\Julian Franquinet\AppData\Local\Programs\MiKTeX 2.9\tex/latex/graphi
cs-cfg\color.cfg"
File: color.cfg 2016/01/02 v1.6 sample color configuration
)
Package color Info: Driver file: pdftex.def on input line 147.

("C:\Users\Julian Franquinet\AppData\Local\Programs\MiKTeX 2.9\tex/latex/graphi
cs-def\pdftex.def"
File: pdftex.def 2018/01/08 v1.0l Graphics/color driver for pdftex
))
("C:\Users\Julian Franquinet\AppData\Local\Programs\MiKTeX 2.9\tex/latex/colort
bl\colortbl.sty"
Package: colortbl 2018/12/12 v1.0d Color table columns (DPC)

("C:\Users\Julian Franquinet\AppData\Local\Programs\MiKTeX 2.9\tex/latex/tools\
array.sty"
Package: array 2019/08/31 v2.4l Tabular extension package (FMi)
\col@sep=\dimen113
\ar@mcellbox=\box29
\extrarowheight=\dimen114
\NC@list=\toks20
\extratabsurround=\skip46
\backup@length=\skip47
\ar@cellbox=\box30
)
\everycr=\toks21
\minrowclearance=\skip48
))
! Emergency stop.
<*> ./Main.tex
              
*** (job aborted, no legal \end found)

 
Here is how much of TeX's memory you used:
 2312 strings out of 492453
 29422 string characters out of 3114470
 102655 words of memory out of 3000000
 6691 multiletter control sequences out of 15000+200000
 3938 words of font info for 15 fonts, out of 3000000 for 9000
 1141 hyphenation exceptions out of 8191
 30i,0n,31p,220b,36s stack positions out of 5000i,500n,10000p,200000b,50000s
!  ==> Fatal error occurred, no output PDF file produced!
